[    7146ms] [INFO] %cDownload the React DevTools for a better development experience: https://react.dev/link/react-devtools font-weight:bold @ http://localhost:3000/_next/static/chunks/node_modules_next_dist_115brz8._.js:2431
[    7161ms] [LOG] [HMR] connected @ http://localhost:3000/_next/static/chunks/node_modules_next_dist_115brz8._.js:2431
[  884418ms] [LOG] [Fast Refresh] rebuilding @ http://localhost:3000/_next/static/chunks/node_modules_next_dist_115brz8._.js:2431
[  884449ms] [LOG] [Fast Refresh] done in 32ms @ http://localhost:3000/_next/static/chunks/node_modules_next_dist_115brz8._.js:2431
[ 1453630ms] [LOG] [Fast Refresh] rebuilding @ http://localhost:3000/_next/static/chunks/node_modules_next_dist_115brz8._.js:2431
[ 1453631ms] [LOG] [Fast Refresh] done in 106ms @ http://localhost:3000/_next/static/chunks/node_modules_next_dist_115brz8._.js:2431
[ 1486363ms] [LOG] [Fast Refresh] rebuilding @ http://localhost:3000/_next/static/chunks/node_modules_next_dist_115brz8._.js:2431
[ 1486372ms] [LOG] [Fast Refresh] done in 51ms @ http://localhost:3000/_next/static/chunks/node_modules_next_dist_115brz8._.js:2431
[ 1486481ms] [LOG] [Fast Refresh] rebuilding @ http://localhost:3000/_next/static/chunks/node_modules_next_dist_115brz8._.js:2431
[ 1486568ms] [LOG] [Fast Refresh] done in 196ms @ http://localhost:3000/_next/static/chunks/node_modules_next_dist_115brz8._.js:2431
[ 1595584ms] [LOG] [Fast Refresh] rebuilding @ http://localhost:3000/_next/static/chunks/node_modules_next_dist_115brz8._.js:2431
[ 1595607ms] [LOG] [Fast Refresh] done in 67ms @ http://localhost:3000/_next/static/chunks/node_modules_next_dist_115brz8._.js:2431
[ 1595709ms] [LOG] [Fast Refresh] rebuilding @ http://localhost:3000/_next/static/chunks/node_modules_next_dist_115brz8._.js:2431
[ 1595770ms] [LOG] [Fast Refresh] done in 164ms @ http://localhost:3000/_next/static/chunks/node_modules_next_dist_115brz8._.js:2431
[ 1595951ms] [LOG] [Fast Refresh] rebuilding @ http://localhost:3000/_next/static/chunks/node_modules_next_dist_115brz8._.js:2431
[ 1596035ms] [LOG] [Fast Refresh] done in 185ms @ http://localhost:3000/_next/static/chunks/node_modules_next_dist_115brz8._.js:2431
[ 1596156ms] [LOG] [Fast Refresh] rebuilding @ http://localhost:3000/_next/static/chunks/node_modules_next_dist_115brz8._.js:2431
[ 1596156ms] [LOG] [Fast Refresh] done in 113ms @ http://localhost:3000/_next/static/chunks/node_modules_next_dist_115brz8._.js:2431
[ 1596397ms] [LOG] [Fast Refresh] rebuilding @ http://localhost:3000/_next/static/chunks/node_modules_next_dist_115brz8._.js:2431
[ 1596444ms] [LOG] [Fast Refresh] done in 151ms @ http://localhost:3000/_next/static/chunks/node_modules_next_dist_115brz8._.js:2431
[ 1596555ms] [LOG] [Fast Refresh] rebuilding @ http://localhost:3000/_next/static/chunks/node_modules_next_dist_115brz8._.js:2431
[ 1596566ms] [LOG] [Fast Refresh] done in 113ms @ http://localhost:3000/_next/static/chunks/node_modules_next_dist_115brz8._.js:2431
[ 1598221ms] [LOG] [Fast Refresh] rebuilding @ http://localhost:3000/_next/static/chunks/node_modules_next_dist_115brz8._.js:2431
[ 1598245ms] [LOG] [Fast Refresh] done in 67ms @ http://localhost:3000/_next/static/chunks/node_modules_next_dist_115brz8._.js:2431
[ 1598346ms] [LOG] [Fast Refresh] rebuilding @ http://localhost:3000/_next/static/chunks/node_modules_next_dist_115brz8._.js:2431
[ 1598408ms] [LOG] [Fast Refresh] done in 163ms @ http://localhost:3000/_next/static/chunks/node_modules_next_dist_115brz8._.js:2431
[ 1598747ms] [LOG] [Fast Refresh] rebuilding @ http://localhost:3000/_next/static/chunks/node_modules_next_dist_115brz8._.js:2431
[ 1598750ms] [LOG] [Fast Refresh] done in 104ms @ http://localhost:3000/_next/static/chunks/node_modules_next_dist_115brz8._.js:2431
[ 1599031ms] [LOG] [Fast Refresh] rebuilding @ http://localhost:3000/_next/static/chunks/node_modules_next_dist_115brz8._.js:2431
[ 1599056ms] [LOG] [Fast Refresh] done in 126ms @ http://localhost:3000/_next/static/chunks/node_modules_next_dist_115brz8._.js:2431
[ 1599419ms] [LOG] [Fast Refresh] rebuilding @ http://localhost:3000/_next/static/chunks/node_modules_next_dist_115brz8._.js:2431
[ 1599543ms] [LOG] [Fast Refresh] done in 226ms @ http://localhost:3000/_next/static/chunks/node_modules_next_dist_115brz8._.js:2431
[ 1607753ms] [LOG] [Fast Refresh] rebuilding @ http://localhost:3000/_next/static/chunks/node_modules_next_dist_115brz8._.js:2431
[ 1607770ms] [LOG] [Fast Refresh] done in 124ms @ http://localhost:3000/_next/static/chunks/node_modules_next_dist_115brz8._.js:2431
[ 1613734ms] [LOG] [Fast Refresh] rebuilding @ http://localhost:3000/_next/static/chunks/node_modules_next_dist_115brz8._.js:2431
[ 1613945ms] [LOG] [Fast Refresh] done in 82ms @ http://localhost:3000/_next/static/chunks/node_modules_next_dist_115brz8._.js:2431
[ 1614182ms] [LOG] [Fast Refresh] rebuilding @ http://localhost:3000/_next/static/chunks/node_modules_next_dist_115brz8._.js:2431
[ 1614197ms] [LOG] [Fast Refresh] done in 118ms @ http://localhost:3000/_next/static/chunks/node_modules_next_dist_115brz8._.js:2431
[ 1614304ms] [LOG] [Fast Refresh] rebuilding @ http://localhost:3000/_next/static/chunks/node_modules_next_dist_115brz8._.js:2431
[ 1614308ms] [LOG] [Fast Refresh] done in 110ms @ http://localhost:3000/_next/static/chunks/node_modules_next_dist_115brz8._.js:2431
[ 1614579ms] [LOG] [Fast Refresh] rebuilding @ http://localhost:3000/_next/static/chunks/node_modules_next_dist_115brz8._.js:2431
[ 1614608ms] [LOG] [Fast Refresh] done in 132ms @ http://localhost:3000/_next/static/chunks/node_modules_next_dist_115brz8._.js:2431
[ 1614971ms] [LOG] [Fast Refresh] rebuilding @ http://localhost:3000/_next/static/chunks/node_modules_next_dist_115brz8._.js:2431
[ 1615000ms] [LOG] [Fast Refresh] done in 133ms @ http://localhost:3000/_next/static/chunks/node_modules_next_dist_115brz8._.js:2431
[ 1615560ms] [LOG] [Fast Refresh] rebuilding @ http://localhost:3000/_next/static/chunks/node_modules_next_dist_115brz8._.js:2431
[ 1615774ms] [LOG] [Fast Refresh] done in 55ms @ http://localhost:3000/_next/static/chunks/node_modules_next_dist_115brz8._.js:2431
[ 1615906ms] [LOG] [Fast Refresh] rebuilding @ http://localhost:3000/_next/static/chunks/node_modules_next_dist_115brz8._.js:2431
[ 1615928ms] [LOG] [Fast Refresh] done in 132ms @ http://localhost:3000/_next/static/chunks/node_modules_next_dist_115brz8._.js:2431
[ 1616048ms] [LOG] [Fast Refresh] rebuilding @ http://localhost:3000/_next/static/chunks/node_modules_next_dist_115brz8._.js:2431
[ 1616136ms] [LOG] [Fast Refresh] done in 194ms @ http://localhost:3000/_next/static/chunks/node_modules_next_dist_115brz8._.js:2431
[ 1616412ms] [LOG] [Fast Refresh] rebuilding @ http://localhost:3000/_next/static/chunks/node_modules_next_dist_115brz8._.js:2431
[ 1616487ms] [LOG] [Fast Refresh] done in 176ms @ http://localhost:3000/_next/static/chunks/node_modules_next_dist_115brz8._.js:2431
[ 1616866ms] [LOG] [Fast Refresh] rebuilding @ http://localhost:3000/_next/static/chunks/node_modules_next_dist_115brz8._.js:2431
[ 1616879ms] [LOG] [Fast Refresh] done in 123ms @ http://localhost:3000/_next/static/chunks/node_modules_next_dist_115brz8._.js:2431
[ 1617154ms] [LOG] [Fast Refresh] rebuilding @ http://localhost:3000/_next/static/chunks/node_modules_next_dist_115brz8._.js:2431
[ 1617165ms] [LOG] [Fast Refresh] done in 114ms @ http://localhost:3000/_next/static/chunks/node_modules_next_dist_115brz8._.js:2431
[ 1635999ms] [LOG] [Fast Refresh] rebuilding @ http://localhost:3000/_next/static/chunks/node_modules_next_dist_115brz8._.js:2431
[ 1636017ms] [LOG] [Fast Refresh] done in 60ms @ http://localhost:3000/_next/static/chunks/node_modules_next_dist_115brz8._.js:2431
[ 1647685ms] [LOG] [Fast Refresh] rebuilding @ http://localhost:3000/_next/static/chunks/node_modules_next_dist_115brz8._.js:2431
[ 1648009ms] [ERROR] ./lib/prisma.ts:1:1
Module not found: Can't resolve '@/lib/generated/prisma'
> 1 | import { PrismaClient } from "@/lib/generated/prisma";
    | ^^^^^^^^^^^^^^^^^^^^^^^^^^^^^^^^^^^^^^^^^^^^^^^^^^^^^^
  2 |
  3 | const globalForPrisma = globalThis as unknown as { prisma: PrismaClient };
  4 |

Import map: aliased to relative './lib/generated/prisma' inside of [project]/

Import trace:
  Edge Middleware:
    ./lib/prisma.ts
    ./lib/auth/config.ts
    ./middleware.ts

https://nextjs.org/docs/messages/module-not-found @ http://localhost:3000/_next/static/chunks/node_modules_next_dist_115brz8._.js:3272
[ 1648135ms] [LOG] [Fast Refresh] rebuilding @ http://localhost:3000/_next/static/chunks/node_modules_next_dist_115brz8._.js:2431
[ 1648499ms] [ERROR] ./lib/prisma.ts:1:1
Module not found: Can't resolve '@/lib/generated/prisma'
> 1 | import { PrismaClient } from "@/lib/generated/prisma";
    | ^^^^^^^^^^^^^^^^^^^^^^^^^^^^^^^^^^^^^^^^^^^^^^^^^^^^^^
  2 |
  3 | const globalForPrisma = globalThis as unknown as { prisma: PrismaClient };
  4 |

Import map: aliased to relative './lib/generated/prisma' inside of [project]/

Import trace:
  Edge Middleware:
    ./lib/prisma.ts
    ./lib/auth/config.ts
    ./middleware.ts

https://nextjs.org/docs/messages/module-not-found @ http://localhost:3000/_next/static/chunks/node_modules_next_dist_115brz8._.js:3272
[ 1648610ms] [LOG] [Fast Refresh] rebuilding @ http://localhost:3000/_next/static/chunks/node_modules_next_dist_115brz8._.js:2431
[ 1648981ms] [ERROR] Failed to load resource: the server responded with a status of 500 (Internal Server Error) @ http://localhost:3000/stocks/AAPL?_rsc=hf64x:0
[ 1648984ms] [ERROR] ./lib/prisma.ts:1:1
Module not found: Can't resolve '@/lib/generated/prisma'
> 1 | import { PrismaClient } from "@/lib/generated/prisma";
    | ^^^^^^^^^^^^^^^^^^^^^^^^^^^^^^^^^^^^^^^^^^^^^^^^^^^^^^
  2 |
  3 | const globalForPrisma = globalThis as unknown as { prisma: PrismaClient };
  4 |

Import map: aliased to relative './lib/generated/prisma' inside of [project]/

Import trace:
  Edge Middleware:
    ./lib/prisma.ts
    ./lib/auth/config.ts
    ./middleware.ts

https://nextjs.org/docs/messages/module-not-found @ http://localhost:3000/_next/static/chunks/node_modules_next_dist_115brz8._.js:3272
[ 1649016ms] [ERROR] Failed to load resource: the server responded with a status of 500 (Internal Server Error) @ http://localhost:3000/stocks/AAPL?_rsc=hf64x:0
[ 1649038ms] [ERROR] Failed to load resource: the server responded with a status of 500 (Internal Server Error) @ http://localhost:3000/stocks/AAPL:0
[ 1649224ms] [INFO] %cDownload the React DevTools for a better development experience: https://react.dev/link/react-devtools font-weight:bold @ http://localhost:3000/_next/static/chunks/node_modules_react-dom_0bruynb._.js:15305
[ 1649276ms] Error: ./lib/prisma.ts:1:1
Module not found: Can't resolve '@/lib/generated/prisma'
> 1 | import { PrismaClient } from "@/lib/generated/prisma";
    | ^^^^^^^^^^^^^^^^^^^^^^^^^^^^^^^^^^^^^^^^^^^^^^^^^^^^^^
  2 |
  3 | const globalForPrisma = globalThis as unknown as { prisma: PrismaClient };
  4 |

Import map: aliased to relative './lib/generated/prisma' inside of [project]/


Import trace:
  Edge Middleware:
    ./lib/prisma.ts
    ./lib/auth/config.ts
    ./middleware.ts

https://nextjs.org/docs/messages/module-not-found


    at <unknown> (Error: ./lib/prisma.ts:1:1)
    at <unknown> (https://nextjs.org/docs/messages/module-not-found)
    at Object.getCompilationErrors (file://C:\Users\harsh\Downloads\FinanceWithAI\FinanceWithAI\node_modules\next\dist\server\dev\hot-reloader-turbopack.js:1186:59)
    at DevBundlerService.getCompilationError (file://C:\Users\harsh\Downloads\FinanceWithAI\FinanceWithAI\node_modules\next\dist\server\lib\dev-bundler-service.js:44:55)
    at DevServer.getCompilationError (file://C:\Users\harsh\Downloads\FinanceWithAI\FinanceWithAI\node_modules\next\dist\server\dev\next-dev-server.js:719:42)
    at DevServer.findPageComponents (file://C:\Users\harsh\Downloads\FinanceWithAI\FinanceWithAI\node_modules\next\dist\server\dev\next-dev-server.js:689:43)
    at async DevServer.renderErrorToResponseImpl (file://C:\Users\harsh\Downloads\FinanceWithAI\FinanceWithAI\node_modules\next\dist\server\base-server.js:1745:26)
[ 1649276ms] [LOG] [HMR] connected @ http://localhost:3000/_next/static/chunks/node_modules_next_dist_0u_w_5s._.js:1226
[ 1649278ms] [ERROR] ./lib/prisma.ts:1:1
Module not found: Can't resolve '@/lib/generated/prisma'
> 1 | import { PrismaClient } from "@/lib/generated/prisma";
    | ^^^^^^^^^^^^^^^^^^^^^^^^^^^^^^^^^^^^^^^^^^^^^^^^^^^^^^
  2 |
  3 | const globalForPrisma = globalThis as unknown as { prisma: PrismaClient };
  4 |

Import map: aliased to relative './lib/generated/prisma' inside of [project]/

Import trace:
  Edge Middleware:
    ./lib/prisma.ts
    ./lib/auth/config.ts
    ./middleware.ts

https://nextjs.org/docs/messages/module-not-found @ http://localhost:3000/_next/static/chunks/node_modules_next_dist_0u_w_5s._.js:1945
[ 1649360ms] [ERROR] ./lib/prisma.ts:1:1
Module not found: Can't resolve '@/lib/generated/prisma'
> 1 | import { PrismaClient } from "@/lib/generated/prisma";
    | ^^^^^^^^^^^^^^^^^^^^^^^^^^^^^^^^^^^^^^^^^^^^^^^^^^^^^^
  2 |
  3 | const globalForPrisma = globalThis as unknown as { prisma: PrismaClient };
  4 |

Import map: aliased to relative './lib/generated/prisma' inside of [project]/

Import trace:
  Edge Middleware:
    ./lib/prisma.ts
    ./lib/auth/config.ts
    ./middleware.ts

https://nextjs.org/docs/messages/module-not-found @ http://localhost:3000/_next/static/chunks/node_modules_next_dist_0u_w_5s._.js:1945
[ 1649380ms] [LOG] [Fast Refresh] rebuilding @ http://localhost:3000/_next/static/chunks/node_modules_next_dist_0u_w_5s._.js:1226
[ 1657510ms] [LOG] [Fast Refresh] rebuilding @ http://localhost:3000/_next/static/chunks/node_modules_next_dist_0u_w_5s._.js:1226
[ 1657512ms] [ERROR] ./lib/prisma.ts:1:1
Module not found: Can't resolve '@/lib/generated/prisma'
> 1 | import { PrismaClient } from "@/lib/generated/prisma";
    | ^^^^^^^^^^^^^^^^^^^^^^^^^^^^^^^^^^^^^^^^^^^^^^^^^^^^^^
  2 |
  3 | const globalForPrisma = globalThis as unknown as { prisma: PrismaClient };
  4 |

Import map: aliased to relative './lib/generated/prisma' inside of [project]/

Import trace:
  Edge Middleware:
    ./lib/prisma.ts
    ./lib/auth/config.ts
    ./middleware.ts

https://nextjs.org/docs/messages/module-not-found @ http://localhost:3000/_next/static/chunks/node_modules_next_dist_0u_w_5s._.js:1945
[ 1657548ms] [ERROR] Failed to load resource: the server responded with a status of 500 (Internal Server Error) @ http://localhost:3000/stocks/AAPL:0
[ 1657584ms] [INFO] %cDownload the React DevTools for a better development experience: https://react.dev/link/react-devtools font-weight:bold @ http://localhost:3000/_next/static/chunks/node_modules_react-dom_0bruynb._.js:15305
[ 1657597ms] Error: ./lib/prisma.ts:1:1
Module not found: Can't resolve '@/lib/generated/prisma'
> 1 | import { PrismaClient } from "@/lib/generated/prisma";
    | ^^^^^^^^^^^^^^^^^^^^^^^^^^^^^^^^^^^^^^^^^^^^^^^^^^^^^^
  2 |
  3 | const globalForPrisma = globalThis as unknown as { prisma: PrismaClient };
  4 |

Import map: aliased to relative './lib/generated/prisma' inside of [project]/


Import trace:
  Edge Middleware:
    ./lib/prisma.ts
    ./lib/auth/config.ts
    ./middleware.ts

https://nextjs.org/docs/messages/module-not-found


    at <unknown> (Error: ./lib/prisma.ts:1:1)
    at <unknown> (https://nextjs.org/docs/messages/module-not-found)
    at Object.getCompilationErrors (file://C:\Users\harsh\Downloads\FinanceWithAI\FinanceWithAI\node_modules\next\dist\server\dev\hot-reloader-turbopack.js:1186:59)
    at DevBundlerService.getCompilationError (file://C:\Users\harsh\Downloads\FinanceWithAI\FinanceWithAI\node_modules\next\dist\server\lib\dev-bundler-service.js:44:55)
    at DevServer.getCompilationError (file://C:\Users\harsh\Downloads\FinanceWithAI\FinanceWithAI\node_modules\next\dist\server\dev\next-dev-server.js:719:42)
    at DevServer.findPageComponents (file://C:\Users\harsh\Downloads\FinanceWithAI\FinanceWithAI\node_modules\next\dist\server\dev\next-dev-server.js:689:43)
    at async DevServer.renderErrorToResponseImpl (file://C:\Users\harsh\Downloads\FinanceWithAI\FinanceWithAI\node_modules\next\dist\server\base-server.js:1745:26)
[ 1657598ms] [LOG] [HMR] connected @ http://localhost:3000/_next/static/chunks/node_modules_next_dist_0u_w_5s._.js:1226
[ 1657599ms] [ERROR] ./lib/prisma.ts:1:1
Module not found: Can't resolve '@/lib/generated/prisma'
> 1 | import { PrismaClient } from "@/lib/generated/prisma";
    | ^^^^^^^^^^^^^^^^^^^^^^^^^^^^^^^^^^^^^^^^^^^^^^^^^^^^^^
  2 |
  3 | const globalForPrisma = globalThis as unknown as { prisma: PrismaClient };
  4 |

Import map: aliased to relative './lib/generated/prisma' inside of [project]/

Import trace:
  Edge Middleware:
    ./lib/prisma.ts
    ./lib/auth/config.ts
    ./middleware.ts

https://nextjs.org/docs/messages/module-not-found @ http://localhost:3000/_next/static/chunks/node_modules_next_dist_0u_w_5s._.js:1945
[ 1657638ms] [ERROR] ./lib/prisma.ts:1:1
Module not found: Can't resolve '@/lib/generated/prisma'
> 1 | import { PrismaClient } from "@/lib/generated/prisma";
    | ^^^^^^^^^^^^^^^^^^^^^^^^^^^^^^^^^^^^^^^^^^^^^^^^^^^^^^
  2 |
  3 | const globalForPrisma = globalThis as unknown as { prisma: PrismaClient };
  4 |

Import map: aliased to relative './lib/generated/prisma' inside of [project]/

Import trace:
  Edge Middleware:
    ./lib/prisma.ts
    ./lib/auth/config.ts
    ./middleware.ts

https://nextjs.org/docs/messages/module-not-found @ http://localhost:3000/_next/static/chunks/node_modules_next_dist_0u_w_5s._.js:1945
[ 1657717ms] [ERROR] ./lib/prisma.ts:1:1
Module not found: Can't resolve '@/lib/generated/prisma'
> 1 | import { PrismaClient } from "@/lib/generated/prisma";
    | ^^^^^^^^^^^^^^^^^^^^^^^^^^^^^^^^^^^^^^^^^^^^^^^^^^^^^^
  2 |
  3 | const globalForPrisma = globalThis as unknown as { prisma: PrismaClient };
  4 |

Import map: aliased to relative './lib/generated/prisma' inside of [project]/

Import trace:
  Edge Middleware:
    ./lib/prisma.ts
    ./lib/auth/config.ts
    ./middleware.ts

https://nextjs.org/docs/messages/module-not-found @ http://localhost:3000/_next/static/chunks/node_modules_next_dist_0u_w_5s._.js:1945
[ 1657776ms] [LOG] [Fast Refresh] rebuilding @ http://localhost:3000/_next/static/chunks/node_modules_next_dist_0u_w_5s._.js:1226
[ 1663453ms] [ERROR] ./lib/prisma.ts:1:1
Module not found: Can't resolve '@/lib/generated/prisma'
> 1 | import { PrismaClient } from "@/lib/generated/prisma";
    | ^^^^^^^^^^^^^^^^^^^^^^^^^^^^^^^^^^^^^^^^^^^^^^^^^^^^^^
  2 |
  3 | const globalForPrisma = globalThis as unknown as { prisma: PrismaClient };
  4 |

Import map: aliased to relative './lib/generated/prisma' inside of [project]/

Import trace:
  Edge Middleware:
    ./lib/prisma.ts
    ./lib/auth/config.ts
    ./middleware.ts

https://nextjs.org/docs/messages/module-not-found @ http://localhost:3000/_next/static/chunks/node_modules_next_dist_0u_w_5s._.js:1945
[ 1663495ms] [LOG] [Fast Refresh] rebuilding @ http://localhost:3000/_next/static/chunks/node_modules_next_dist_0u_w_5s._.js:1226
[ 1670922ms] [ERROR] ./lib/prisma.ts:1:1
Module not found: Can't resolve '@/lib/generated/prisma'
> 1 | import { PrismaClient } from "@/lib/generated/prisma";
    | ^^^^^^^^^^^^^^^^^^^^^^^^^^^^^^^^^^^^^^^^^^^^^^^^^^^^^^
  2 |
  3 | const globalForPrisma = globalThis as unknown as { prisma: PrismaClient };
  4 |

Import map: aliased to relative './lib/generated/prisma' inside of [project]/

Import trace:
  Edge Middleware:
    ./lib/prisma.ts
    ./lib/auth/config.ts
    ./middleware.ts

https://nextjs.org/docs/messages/module-not-found @ http://localhost:3000/_next/static/chunks/node_modules_next_dist_0u_w_5s._.js:1945
[ 1670978ms] [LOG] [Fast Refresh] rebuilding @ http://localhost:3000/_next/static/chunks/node_modules_next_dist_0u_w_5s._.js:1226
[ 1684588ms] [LOG] [Fast Refresh] rebuilding @ http://localhost:3000/_next/static/chunks/node_modules_next_dist_0u_w_5s._.js:1226
[ 1684854ms] [LOG] [Fast Refresh] done in 357ms @ http://localhost:3000/_next/static/chunks/node_modules_next_dist_0u_w_5s._.js:1226
[ 1684979ms] [LOG] [Fast Refresh] rebuilding @ http://localhost:3000/_next/static/chunks/node_modules_next_dist_0u_w_5s._.js:1226
[ 1685096ms] [LOG] [Fast Refresh] done in 226ms @ http://localhost:3000/_next/static/chunks/node_modules_next_dist_0u_w_5s._.js:1226
[ 1689073ms] [INFO] %cDownload the React DevTools for a better development experience: https://react.dev/link/react-devtools font-weight:bold @ http://localhost:3000/_next/static/chunks/node_modules_next_dist_115brz8._.js:2431
[ 1689086ms] [LOG] [HMR] connected @ http://localhost:3000/_next/static/chunks/node_modules_next_dist_115brz8._.js:2431
[ 1773449ms] [LOG] [Fast Refresh] rebuilding @ http://localhost:3000/_next/static/chunks/node_modules_next_dist_115brz8._.js:2431
[ 1773775ms] [ERROR] ./lib/prisma.ts:2:1
Export PrismaLibSQL doesn't exist in target module
  1 | import { PrismaClient } from "@/lib/generated/prisma/client";
> 2 | import { PrismaLibSQL } from "@prisma/adapter-better-sqlite3";
    | ^^^^^^^^^^^^^^^^^^^^^^^^^^^^^^^^^^^^^^^^^^^^^^^^^^^^^^^^^^^^^^
  3 | import Database from "better-sqlite3";
  4 | import path from "path";
  5 |

The export PrismaLibSQL was not found in module [project]/node_modules/@prisma/adapter-better-sqlite3/dist/index.mjs [middleware-edge] (ecmascript).
Did you mean to import PrismaBetterSqlite3?
All exports of the module are statically known (It doesn't have dynamic exports). So it's known statically that the requested export doesn't exist.

Import trace:
  Edge Middleware:
    ./lib/prisma.ts
    ./lib/auth/config.ts
    ./middleware.ts @ http://localhost:3000/_next/static/chunks/node_modules_next_dist_115brz8._.js:3272
[ 1773870ms] [ERROR] ./lib/prisma.ts:2:1
Export PrismaLibSQL doesn't exist in target module
  1 | import { PrismaClient } from "@/lib/generated/prisma/client";
> 2 | import { PrismaLibSQL } from "@prisma/adapter-better-sqlite3";
    | ^^^^^^^^^^^^^^^^^^^^^^^^^^^^^^^^^^^^^^^^^^^^^^^^^^^^^^^^^^^^^^
  3 | import Database from "better-sqlite3";
  4 | import path from "path";
  5 |

The export PrismaLibSQL was not found in module [project]/node_modules/@prisma/adapter-better-sqlite3/dist/index.mjs [middleware-edge] (ecmascript).
Did you mean to import PrismaBetterSqlite3?
All exports of the module are statically known (It doesn't have dynamic exports). So it's known statically that the requested export doesn't exist.

Import trace:
  Edge Middleware:
    ./lib/prisma.ts
    ./lib/auth/config.ts
    ./middleware.ts @ http://localhost:3000/_next/static/chunks/node_modules_next_dist_115brz8._.js:3272
[ 1773870ms] [ERROR] Failed to load resource: the server responded with a status of 500 (Internal Server Error) @ http://localhost:3000/stocks/AAPL?_rsc=hf64x:0
[ 1773957ms] [ERROR] ./lib/prisma.ts:2:1
Export PrismaLibSQL doesn't exist in target module
  1 | import { PrismaClient } from "@/lib/generated/prisma/client";
> 2 | import { PrismaLibSQL } from "@prisma/adapter-better-sqlite3";
    | ^^^^^^^^^^^^^^^^^^^^^^^^^^^^^^^^^^^^^^^^^^^^^^^^^^^^^^^^^^^^^^
  3 | import Database from "better-sqlite3";
  4 | import path from "path";
  5 |

The export PrismaLibSQL was not found in module [project]/node_modules/@prisma/adapter-better-sqlite3/dist/index.mjs [middleware-edge] (ecmascript).
Did you mean to import PrismaBetterSqlite3?
All exports of the module are statically known (It doesn't have dynamic exports). So it's known statically that the requested export doesn't exist.

Import trace:
  Edge Middleware:
    ./lib/prisma.ts
    ./lib/auth/config.ts
    ./middleware.ts @ http://localhost:3000/_next/static/chunks/node_modules_next_dist_115brz8._.js:3272
[ 1773957ms] [ERROR] Failed to load resource: the server responded with a status of 500 (Internal Server Error) @ http://localhost:3000/stocks/AAPL?_rsc=hf64x:0
[ 1774047ms] [ERROR] ./lib/prisma.ts:2:1
Export PrismaLibSQL doesn't exist in target module
  1 | import { PrismaClient } from "@/lib/generated/prisma/client";
> 2 | import { PrismaLibSQL } from "@prisma/adapter-better-sqlite3";
    | ^^^^^^^^^^^^^^^^^^^^^^^^^^^^^^^^^^^^^^^^^^^^^^^^^^^^^^^^^^^^^^
  3 | import Database from "better-sqlite3";
  4 | import path from "path";
  5 |

The export PrismaLibSQL was not found in module [project]/node_modules/@prisma/adapter-better-sqlite3/dist/index.mjs [middleware-edge] (ecmascript).
Did you mean to import PrismaBetterSqlite3?
All exports of the module are statically known (It doesn't have dynamic exports). So it's known statically that the requested export doesn't exist.

Import trace:
  Edge Middleware:
    ./lib/prisma.ts
    ./lib/auth/config.ts
    ./middleware.ts @ http://localhost:3000/_next/static/chunks/node_modules_next_dist_115brz8._.js:3272
[ 1774053ms] [ERROR] Failed to load resource: the server responded with a status of 500 (Internal Server Error) @ http://localhost:3000/stocks/AAPL:0
[ 1774189ms] [INFO] %cDownload the React DevTools for a better development experience: https://react.dev/link/react-devtools font-weight:bold @ http://localhost:3000/_next/static/chunks/node_modules_react-dom_0bruynb._.js:15305
[ 1774215ms] Error: ./lib/prisma.ts:2:1
Export PrismaLibSQL doesn't exist in target module
  1 | import { PrismaClient } from "@/lib/generated/prisma/client";
> 2 | import { PrismaLibSQL } from "@prisma/adapter-better-sqlite3";
    | ^^^^^^^^^^^^^^^^^^^^^^^^^^^^^^^^^^^^^^^^^^^^^^^^^^^^^^^^^^^^^^
  3 | import Database from "better-sqlite3";
  4 | import path from "path";
  5 |

The export PrismaLibSQL was not found in module [project]/node_modules/@prisma/adapter-better-sqlite3/dist/index.mjs [middleware-edge] (ecmascript).
Did you mean to import PrismaBetterSqlite3?
All exports of the module are statically known (It doesn't have dynamic exports). So it's known statically that the requested export doesn't exist.

Import trace:
  Edge Middleware:
    ./lib/prisma.ts
    ./lib/auth/config.ts
    ./middleware.ts


    at <unknown> (Error: ./lib/prisma.ts:2:1)
    at Object.getCompilationErrors (file://C:\Users\harsh\Downloads\FinanceWithAI\FinanceWithAI\node_modules\next\dist\server\dev\hot-reloader-turbopack.js:1186:59)
    at DevBundlerService.getCompilationError (file://C:\Users\harsh\Downloads\FinanceWithAI\FinanceWithAI\node_modules\next\dist\server\lib\dev-bundler-service.js:44:55)
    at DevServer.getCompilationError (file://C:\Users\harsh\Downloads\FinanceWithAI\FinanceWithAI\node_modules\next\dist\server\dev\next-dev-server.js:719:42)
    at DevServer.findPageComponents (file://C:\Users\harsh\Downloads\FinanceWithAI\FinanceWithAI\node_modules\next\dist\server\dev\next-dev-server.js:689:43)
    at async DevServer.renderErrorToResponseImpl (file://C:\Users\harsh\Downloads\FinanceWithAI\FinanceWithAI\node_modules\next\dist\server\base-server.js:1745:26)
[ 1774210ms] [LOG] [HMR] connected @ http://localhost:3000/_next/static/chunks/node_modules_next_dist_0u_w_5s._.js:1226
[ 1774238ms] [ERROR] ./lib/prisma.ts:2:1
Export PrismaLibSQL doesn't exist in target module
  1 | import { PrismaClient } from "@/lib/generated/prisma/client";
> 2 | import { PrismaLibSQL } from "@prisma/adapter-better-sqlite3";
    | ^^^^^^^^^^^^^^^^^^^^^^^^^^^^^^^^^^^^^^^^^^^^^^^^^^^^^^^^^^^^^^
  3 | import Database from "better-sqlite3";
  4 | import path from "path";
  5 |

The export PrismaLibSQL was not found in module [project]/node_modules/@prisma/adapter-better-sqlite3/dist/index.mjs [middleware-edge] (ecmascript).
Did you mean to import PrismaBetterSqlite3?
All exports of the module are statically known (It doesn't have dynamic exports). So it's known statically that the requested export doesn't exist.

Import trace:
  Edge Middleware:
    ./lib/prisma.ts
    ./lib/auth/config.ts
    ./middleware.ts @ http://localhost:3000/_next/static/chunks/node_modules_next_dist_0u_w_5s._.js:1945
[ 1774308ms] [ERROR] ./lib/prisma.ts:2:1
Export PrismaLibSQL doesn't exist in target module
  1 | import { PrismaClient } from "@/lib/generated/prisma/client";
> 2 | import { PrismaLibSQL } from "@prisma/adapter-better-sqlite3";
    | ^^^^^^^^^^^^^^^^^^^^^^^^^^^^^^^^^^^^^^^^^^^^^^^^^^^^^^^^^^^^^^
  3 | import Database from "better-sqlite3";
  4 | import path from "path";
  5 |

The export PrismaLibSQL was not found in module [project]/node_modules/@prisma/adapter-better-sqlite3/dist/index.mjs [middleware-edge] (ecmascript).
Did you mean to import PrismaBetterSqlite3?
All exports of the module are statically known (It doesn't have dynamic exports). So it's known statically that the requested export doesn't exist.

Import trace:
  Edge Middleware:
    ./lib/prisma.ts
    ./lib/auth/config.ts
    ./middleware.ts @ http://localhost:3000/_next/static/chunks/node_modules_next_dist_0u_w_5s._.js:1945
[ 1774353ms] [LOG] [Fast Refresh] rebuilding @ http://localhost:3000/_next/static/chunks/node_modules_next_dist_0u_w_5s._.js:1226
[ 1784265ms] [ERROR] ./lib/prisma.ts:2:1
Export PrismaLibSQL doesn't exist in target module
  1 | import { PrismaClient } from "@/lib/generated/prisma/client";
> 2 | import { PrismaLibSQL } from "@prisma/adapter-better-sqlite3";
    | ^^^^^^^^^^^^^^^^^^^^^^^^^^^^^^^^^^^^^^^^^^^^^^^^^^^^^^^^^^^^^^
  3 | import Database from "better-sqlite3";
  4 | import path from "path";
  5 |

The export PrismaLibSQL was not found in module [project]/node_modules/@prisma/adapter-better-sqlite3/dist/index.mjs [middleware-edge] (ecmascript).
Did you mean to import PrismaBetterSqlite3?
All exports of the module are statically known (It doesn't have dynamic exports). So it's known statically that the requested export doesn't exist.

Import trace:
  Edge Middleware:
    ./lib/prisma.ts
    ./lib/auth/config.ts
    ./middleware.ts @ http://localhost:3000/_next/static/chunks/node_modules_next_dist_0u_w_5s._.js:1945
[ 1784326ms] [LOG] [Fast Refresh] rebuilding @ http://localhost:3000/_next/static/chunks/node_modules_next_dist_0u_w_5s._.js:1226
[ 1786794ms] [ERROR] ./lib/prisma.ts:2:1
Export PrismaLibSQL doesn't exist in target module
  1 | import { PrismaClient } from "@/lib/generated/prisma/client";
> 2 | import { PrismaLibSQL } from "@prisma/adapter-better-sqlite3";
    | ^^^^^^^^^^^^^^^^^^^^^^^^^^^^^^^^^^^^^^^^^^^^^^^^^^^^^^^^^^^^^^
  3 | import Database from "better-sqlite3";
  4 | import path from "path";
  5 |

The export PrismaLibSQL was not found in module [project]/node_modules/@prisma/adapter-better-sqlite3/dist/index.mjs [middleware-edge] (ecmascript).
Did you mean to import PrismaBetterSqlite3?
All exports of the module are statically known (It doesn't have dynamic exports). So it's known statically that the requested export doesn't exist.

Import trace:
  Edge Middleware:
    ./lib/prisma.ts
    ./lib/auth/config.ts
    ./middleware.ts @ http://localhost:3000/_next/static/chunks/node_modules_next_dist_0u_w_5s._.js:1945
[ 1786851ms] [LOG] [Fast Refresh] rebuilding @ http://localhost:3000/_next/static/chunks/node_modules_next_dist_0u_w_5s._.js:1226
[ 1796917ms] [LOG] [Fast Refresh] rebuilding @ http://localhost:3000/_next/static/chunks/node_modules_next_dist_0u_w_5s._.js:1226
[ 1796978ms] [LOG] [Fast Refresh] done in 117ms @ http://localhost:3000/_next/static/chunks/node_modules_next_dist_0u_w_5s._.js:1226
[ 1797092ms] [LOG] [Fast Refresh] rebuilding @ http://localhost:3000/_next/static/chunks/node_modules_next_dist_0u_w_5s._.js:1226
[ 1797195ms] [LOG] [Fast Refresh] done in 206ms @ http://localhost:3000/_next/static/chunks/node_modules_next_dist_0u_w_5s._.js:1226
[ 1797937ms] [LOG] [Fast Refresh] rebuilding @ http://localhost:3000/_next/static/chunks/node_modules_next_dist_0u_w_5s._.js:1226
[ 1797988ms] [LOG] [Fast Refresh] done in 84ms @ http://localhost:3000/_next/static/chunks/node_modules_next_dist_0u_w_5s._.js:1226
[ 1798128ms] [LOG] [Fast Refresh] rebuilding @ http://localhost:3000/_next/static/chunks/node_modules_next_dist_0u_w_5s._.js:1226
[ 1798205ms] [LOG] [Fast Refresh] done in 184ms @ http://localhost:3000/_next/static/chunks/node_modules_next_dist_0u_w_5s._.js:1226
[ 1809876ms] [INFO] %cDownload the React DevTools for a better development experience: https://react.dev/link/react-devtools font-weight:bold @ http://localhost:3000/_next/static/chunks/node_modules_next_dist_115brz8._.js:2431
[ 1809890ms] [LOG] [HMR] connected @ http://localhost:3000/_next/static/chunks/node_modules_next_dist_115brz8._.js:2431
[ 1816439ms] [LOG] [Fast Refresh] rebuilding @ http://localhost:3000/_next/static/chunks/node_modules_next_dist_115brz8._.js:2431
[ 1816603ms] [LOG] [Fast Refresh] done in 57ms @ http://localhost:3000/_next/static/chunks/node_modules_next_dist_115brz8._.js:2431
[ 1856766ms] [LOG] [Fast Refresh] rebuilding @ http://localhost:3000/_next/static/chunks/node_modules_next_dist_115brz8._.js:2431
[ 1856809ms] [LOG] [Fast Refresh] done in 109ms @ http://localhost:3000/_next/static/chunks/node_modules_next_dist_115brz8._.js:2431
[ 1856911ms] [LOG] [Fast Refresh] rebuilding @ http://localhost:3000/_next/static/chunks/node_modules_next_dist_115brz8._.js:2431
[ 1857018ms] [LOG] [Fast Refresh] done in 209ms @ http://localhost:3000/_next/static/chunks/node_modules_next_dist_115brz8._.js:2431
[ 1861276ms] [LOG] [Fast Refresh] rebuilding @ http://localhost:3000/_next/static/chunks/node_modules_next_dist_115brz8._.js:2431
[ 1861409ms] [LOG] [Fast Refresh] done in 157ms @ http://localhost:3000/_next/static/chunks/node_modules_next_dist_115brz8._.js:2431
[ 1861516ms] [LOG] [Fast Refresh] rebuilding @ http://localhost:3000/_next/static/chunks/node_modules_next_dist_115brz8._.js:2431
[ 1861600ms] [LOG] [Fast Refresh] done in 184ms @ http://localhost:3000/_next/static/chunks/node_modules_next_dist_115brz8._.js:2431
[ 1861854ms] [LOG] [Fast Refresh] rebuilding @ http://localhost:3000/_next/static/chunks/node_modules_next_dist_115brz8._.js:2431
[ 1861999ms] [LOG] [Fast Refresh] done in 247ms @ http://localhost:3000/_next/static/chunks/node_modules_next_dist_115brz8._.js:2431
[ 1974494ms] [LOG] [Fast Refresh] rebuilding @ http://localhost:3000/_next/static/chunks/node_modules_next_dist_115brz8._.js:2431
[ 1974513ms] [LOG] [Fast Refresh] done in 120ms @ http://localhost:3000/_next/static/chunks/node_modules_next_dist_115brz8._.js:2431
