[   25760ms] [INFO] %cDownload the React DevTools for a better development experience: https://react.dev/link/react-devtools font-weight:bold @ http://localhost:3000/_next/static/chunks/node_modules_next_dist_115brz8._.js:2431
[   25776ms] [LOG] [HMR] connected @ http://localhost:3000/_next/static/chunks/node_modules_next_dist_115brz8._.js:2431
[ 1645905ms] [ERROR] WebSocket connection to 'wss://pushstream.tradingview.com/message-pipe-ws/public' failed: Error in connection establishment: net::ERR_NAME_NOT_RESOLVED @ https://www.tradingview-widget.com/static/bundles/embed/embed_advanced_chart.fa03313eb14cf6d466eb.js:4
[ 1646221ms] [ERROR] WebSocket connection to 'wss://pushstream.tradingview.com/message-pipe-ws/public' failed: Error in connection establishment: net::ERR_NAME_NOT_RESOLVED @ https://www.tradingview-widget.com/static/bundles/embed/embed_advanced_chart.fa03313eb14cf6d466eb.js:4
[ 1646535ms] [ERROR] WebSocket connection to 'wss://pushstream.tradingview.com/message-pipe-ws/public' failed: Error in connection establishment: net::ERR_NAME_NOT_RESOLVED @ https://www.tradingview-widget.com/static/bundles/embed/embed_advanced_chart.fa03313eb14cf6d466eb.js:4
[ 1646600ms] [LOG] [HMR] connected @ http://localhost:3000/_next/static/chunks/node_modules_next_dist_115brz8._.js:2431
[ 1646845ms] [ERROR] WebSocket connection to 'wss://pushstream.tradingview.com/message-pipe-ws/public' failed: Error in connection establishment: net::ERR_NAME_NOT_RESOLVED @ https://www.tradingview-widget.com/static/bundles/embed/embed_advanced_chart.fa03313eb14cf6d466eb.js:4
[ 1647158ms] [ERROR] WebSocket connection to 'wss://pushstream.tradingview.com/message-pipe-ws/public' failed: Error in connection establishment: net::ERR_NAME_NOT_RESOLVED @ https://www.tradingview-widget.com/static/bundles/embed/embed_advanced_chart.fa03313eb14cf6d466eb.js:4
[ 3927910ms] [LOG] [HMR] connected @ http://localhost:3000/_next/static/chunks/node_modules_next_dist_115brz8._.js:2431
[ 3928020ms] [ERROR] WebSocket connection to 'wss://pushstream.tradingview.com/message-pipe-ws/public' failed: Error in connection establishment: net::ERR_NAME_NOT_RESOLVED @ https://www.tradingview-widget.com/static/bundles/embed/embed_advanced_chart.fa03313eb14cf6d466eb.js:4
[ 3928022ms] [ERROR] WebSocket connection to 'wss://widgetdata.tradingview.com/socket.io/websocket?from=widgetembed%2F&date=2026-04-28T09%3A00%3A19&page-uri=localhost%3A3000%2Fstocks%2FRELIANCE.NS&ancestor-origin=localhost%3A3000' failed: Error in connection establishment: net::ERR_NAME_NOT_RESOLVED @ https://s.tradingview.com/widgetembed/?hideideas=1&overrides=%7B%7D&enabled_features=%5B%5D&disabled_features=%5B%5D&locale=en:135
[ 3928180ms] [ERROR] Failed to load resource: net::ERR_NAME_NOT_RESOLVED @ https://telemetry.tradingview.com/site-widget/report:0
[ 3928181ms] [ERROR] 2026-04-28T18:24:09.830Z:Fetch:POST https://telemetry.tradingview.com/site-widget/report. TypeError: Failed to fetch @ https://www.tradingview-widget.com/static/bundles/embed/16966.e6fe272534eaeb6ca1be.js:12
[40290825ms] [ERROR] WebSocket connection to 'ws://localhost:3000/_next/webpack-hmr?id=-ehf9uWHU7Ot8aPPczzub' failed: Error in connection establishment: net::ERR_NETWORK_IO_SUSPENDED @ http://localhost:3000/_next/static/chunks/node_modules_next_dist_client_0fhqo1d._.js:13299
[40290825ms] [ERROR] WebSocket connection to 'wss://pushstream.tradingview.com/message-pipe-ws/public' failed: Error in connection establishment: net::ERR_NETWORK_IO_SUSPENDED @ https://www.tradingview-widget.com/static/bundles/embed/embed_advanced_chart.fa03313eb14cf6d466eb.js:4
[40290825ms] [ERROR] WebSocket connection to 'wss://widgetdata.tradingview.com/socket.io/websocket?from=widgetembed%2F&date=2026-04-28T09%3A00%3A19&page-uri=localhost%3A3000%2Fstocks%2FRELIANCE.NS&ancestor-origin=localhost%3A3000' failed: Error in connection establishment: net::ERR_NETWORK_IO_SUSPENDED @ https://s.tradingview.com/widgetembed/?hideideas=1&overrides=%7B%7D&enabled_features=%5B%5D&disabled_features=%5B%5D&locale=en:135
[40293080ms] [LOG] [HMR] connected @ http://localhost:3000/_next/static/chunks/node_modules_next_dist_115brz8._.js:2431
[40293089ms] [ERROR] Failed to load resource: net::ERR_INTERNET_DISCONNECTED @ https://telemetry.tradingview.com/widget/report:0
[40293090ms] [ERROR] 2026-04-29T04:30:14.739Z:Fetch:POST https://telemetry.tradingview.com/widget/report. User is offline. @ https://www.tradingview-widget.com/static/bundles/embed/16966.e6fe272534eaeb6ca1be.js:12
[40293097ms] [ERROR] Failed to load resource: net::ERR_INTERNET_DISCONNECTED @ https://telemetry.tradingview.com/site-widget/report:0
[40293098ms] [ERROR] 2026-04-29T04:30:14.747Z:Fetch:POST https://telemetry.tradingview.com/site-widget/report. User is offline. @ https://www.tradingview-widget.com/static/bundles/embed/16966.e6fe272534eaeb6ca1be.js:12
[40305834ms] [ERROR] Failed to load resource: net::ERR_INTERNET_DISCONNECTED @ https://telemetry.tradingview.com/widget/report:0
[40305834ms] [ERROR] 2026-04-29T04:30:27.484Z:Fetch:POST https://telemetry.tradingview.com/widget/report. User is offline. @ https://www.tradingview-widget.com/static/bundles/embed/16966.e6fe272534eaeb6ca1be.js:12
